* Microsoft COBOL Version 4.5        L2.4 revision 002 07-Apr-23 14:47 Page   1
*                                        E.CBL
* Options: LIST(E.LST) ASMLIST(E.GRP)
     1 identification division.
     2 program-id. A.
     3 author. Jeferson.
     4 installation. fatec-sp.
     5 date-written. 07/04/2023.
     6 date-compiled. 07-Apr-23 14:47.
     7 security.
     8
     9 environment division.
    10 configuration section.
    11 source-computer. ibmpc.
    12 object-computer. ibmpc.
    13 special-names. decimal-point is comma.
    14
    15 input-output section.
    16 file-control.
    17 select cadalu assign to disk
    18 organization is line sequential.
    19 select cadapr assign to disk
    20 organization is line sequential.
    21
    22 data division.
    23 file section.
    24 fd cadalu
    25    label record is standard
    26    value of file-id is "cadalu.dat".
    27 01 reg-alu.
    28    02 num-ent   pic 9(5).
    29    02 nome-ent  pic x(30).
    30    02 not1 pic 9(2)v99.
    31    02 not2 pic 9(2)v99.
    32    02 falta pic 9(02).
    33
    34
    35 fd cadapr
    36    label record is standard
    37    value of file-id is "cadapr.dat".
    38 01 reg-apr.
    39    02 num-sai  pic 9(5).
    40    02 media-sai pic 9(2)v99.
    41
    42 working-storage section.
    43 77 fim-arq pic x(3) value "nao".
    44 01 media pic 9(2)v99.
    45
    46 procedure division.
    47
    48 PGM-1.
    49    perform inicio.
    50    perform principal until fim-arq = "sim".
    51    perform fim.
    52    stop run.
    53
    54 inicio.
    55    open input cadalu
    56     output cadapr.
    57
* Microsoft COBOL Version 4.5        L2.4 revision 002 07-Apr-23 14:47 Page   2
*                                        E.CBL
    58 principal.
    59    read cadalu at end move "sim" to fim-arq.
    60    perform calc.
    61
    62 calc.
    63     compute media = (not1 + not2) / 2.
    64     if media is >= 6
    65        if falta not > 4
    66          perform gravar.
    67
    68 gravar.
    69
    70  move num-ent to num-sai.
    71  move media to media-sai.
    72  write reg-apr.
    73 fim.
    74    close cadalu cadapr.
* Microsoft COBOL Version 4.5        L2.4 revision 002
* (C)Copyright Microsoft Corp 1984, 1991       URN AXUPA/MS0/000000
*                                              REF GNB-024050002A7
*
* Total Messages:     0
* Data:        1032     Code:         346     Dictionary:        1135
